events.js:291
      throw er; // Unhandled 'error' event
      ^

Error: listen EADDRINUSE: address already in use :::8000
    at Server.setupListenHandle [as _listen2] (net.js:1316:16)
    at listenInCluster (net.js:1364:12)
    at Server.listen (net.js:1450:7)
    at Function.listen (/opt/apps/REST_API/node_modules/express/lib/application.js:618:24)
    at Object.<anonymous> (/opt/apps/REST_API/server.js:24:5)
    at Module._compile (internal/modules/cjs/loader.js:1201:30)
    at Object.Module._extensions..js (internal/modules/cjs/loader.js:1221:10)
    at Module.load (internal/modules/cjs/loader.js:1050:32)
    at Function.Module._load (internal/modules/cjs/loader.js:938:14)
    at Function.executeUserEntryPoint [as runMain] (internal/modules/run_main.js:71:12)
Emitted 'error' event on Server instance at:
    at emitErrorNT (net.js:1343:8)
    at processTicksAndRejections (internal/process/task_queues.js:80:21) {
  code: 'EADDRINUSE',
  errno: -98,
  syscall: 'listen',
  address: '::',
  port: 8000
}
events.js:291
      throw er; // Unhandled 'error' event
      ^

Error: listen EADDRINUSE: address already in use :::8000
    at Server.setupListenHandle [as _listen2] (net.js:1316:16)
    at listenInCluster (net.js:1364:12)
    at Server.listen (net.js:1450:7)
    at Function.listen (/opt/apps/REST_API/node_modules/express/lib/application.js:618:24)
    at Object.<anonymous> (/opt/apps/REST_API/server.js:24:5)
    at Module._compile (internal/modules/cjs/loader.js:1201:30)
    at Object.Module._extensions..js (internal/modules/cjs/loader.js:1221:10)
    at Module.load (internal/modules/cjs/loader.js:1050:32)
    at Function.Module._load (internal/modules/cjs/loader.js:938:14)
    at Function.executeUserEntryPoint [as runMain] (internal/modules/run_main.js:71:12)
Emitted 'error' event on Server instance at:
    at emitErrorNT (net.js:1343:8)
    at processTicksAndRejections (internal/process/task_queues.js:80:21) {
  code: 'EADDRINUSE',
  errno: -98,
  syscall: 'listen',
  address: '::',
  port: 8000
}
+ node /opt/apps/REST_API/beta_server.js
+ node /opt/apps/REST_API/beta_server.js
events.js:291
      throw er; // Unhandled 'error' event
      ^

Error: listen EADDRINUSE: address already in use :::8000
    at Server.setupListenHandle [as _listen2] (net.js:1316:16)
    at listenInCluster (net.js:1364:12)
    at Server.listen (net.js:1450:7)
    at Function.listen (/opt/apps/REST_API/node_modules/express/lib/application.js:618:24)
    at Object.<anonymous> (/opt/apps/REST_API/beta_server.js:24:5)
    at Module._compile (internal/modules/cjs/loader.js:1201:30)
    at Object.Module._extensions..js (internal/modules/cjs/loader.js:1221:10)
    at Module.load (internal/modules/cjs/loader.js:1050:32)
    at Function.Module._load (internal/modules/cjs/loader.js:938:14)
    at Function.executeUserEntryPoint [as runMain] (internal/modules/run_main.js:71:12)
Emitted 'error' event on Server instance at:
    at emitErrorNT (net.js:1343:8)
    at processTicksAndRejections (internal/process/task_queues.js:80:21) {
  code: 'EADDRINUSE',
  errno: -98,
  syscall: 'listen',
  address: '::',
  port: 8000
}
/etc/init.d/boot_node.sh: line 6: 104644 Hangup                  node /opt/apps/REST_API/beta_server.js
